<?xml version="1.0" encoding="UTF-8"?>
<testsuite name="CompositeShapeTest" tests="7" skipped="0" failures="0" errors="0" timestamp="2022-06-06T00:53:01" hostname="Adams-MacBook-Pro.local" time="0.002">
  <properties/>
  <testcase name="getArea()" classname="CompositeShapeTest" time="0.0"/>
  <testcase name="getName()" classname="CompositeShapeTest" time="0.001"/>
  <testcase name="move()" classname="CompositeShapeTest" time="0.0"/>
  <testcase name="setShape1()" classname="CompositeShapeTest" time="0.0"/>
  <testcase name="setShape2()" classname="CompositeShapeTest" time="0.001"/>
  <testcase name="getShape1()" classname="CompositeShapeTest" time="0.0"/>
  <testcase name="getShape2()" classname="CompositeShapeTest" time="0.0"/>
  <system-out><![CDATA[]]></system-out>
  <system-err><![CDATA[]]></system-err>
</testsuite>
