<?xml version="1.0" encoding="UTF-8"?>
<testsuite name="CircleQuestionTest" tests="1" skipped="0" failures="0" errors="0" timestamp="2022-06-06T00:53:01" hostname="Adams-MacBook-Pro.local" time="0.015">
  <properties/>
  <testcase name="getQuestionText()" classname="CircleQuestionTest" time="0.015"/>
  <system-out><![CDATA[]]></system-out>
  <system-err><![CDATA[]]></system-err>
</testsuite>
