<?xml version="1.0" encoding="UTF-8"?>
<testsuite name="PointTest" tests="4" skipped="0" failures="0" errors="0" timestamp="2022-06-06T00:53:01" hostname="Adams-MacBook-Pro.local" time="0.001">
  <properties/>
  <testcase name="testClone()" classname="PointTest" time="0.0"/>
  <testcase name="move()" classname="PointTest" time="0.0"/>
  <testcase name="getXCoord()" classname="PointTest" time="0.0"/>
  <testcase name="getYCoord()" classname="PointTest" time="0.0"/>
  <system-out><![CDATA[]]></system-out>
  <system-err><![CDATA[]]></system-err>
</testsuite>
