<?xml version="1.0" encoding="UTF-8"?>
<testsuite name="QuestionFactoryTest" tests="8" skipped="0" failures="0" errors="0" timestamp="2022-06-06T00:53:01" hostname="Adams-MacBook-Pro.local" time="0.005">
  <properties/>
  <testcase name="createRectangleQ()" classname="QuestionFactoryTest" time="0.001"/>
  <testcase name="genRandomDouble()" classname="QuestionFactoryTest" time="0.0"/>
  <testcase name="createCircleQ()" classname="QuestionFactoryTest" time="0.001"/>
  <testcase name="createNPointStarQ()" classname="QuestionFactoryTest" time="0.0"/>
  <testcase name="createPentagonQ()" classname="QuestionFactoryTest" time="0.0"/>
  <testcase name="createSquareQ()" classname="QuestionFactoryTest" time="0.002"/>
  <testcase name="createEllipseQ()" classname="QuestionFactoryTest" time="0.0"/>
  <testcase name="createTriangleQ()" classname="QuestionFactoryTest" time="0.001"/>
  <system-out><![CDATA[]]></system-out>
  <system-err><![CDATA[]]></system-err>
</testsuite>
