<?xml version="1.0" encoding="UTF-8"?>
<testsuite name="PentagonTest" tests="5" skipped="0" failures="0" errors="0" timestamp="2022-06-05T23:42:01" hostname="Adams-MacBook-Pro.local" time="0.001">
  <properties/>
  <testcase name="getArea()" classname="PentagonTest" time="0.0"/>
  <testcase name="getName()" classname="PentagonTest" time="0.0"/>
  <testcase name="move()" classname="PentagonTest" time="0.001"/>
  <testcase name="getCenter()" classname="PentagonTest" time="0.0"/>
  <testcase name="getSideLength()" classname="PentagonTest" time="0.0"/>
  <system-out><![CDATA[]]></system-out>
  <system-err><![CDATA[]]></system-err>
</testsuite>
